
ROM used:   4360/32768 (13%)
            4360/32768 (13%) including unused fragments

            3.4 Average locations per line
            34.9 Average locations per statement

RAM used:   16/2048 (1%) at main() level
            43/2048 (2%) worst case

Stack used: 6 worst case (6 in main + 0 for interrupts)
Stack size: 31

Lines Stmts  %   Files
----- ----- ---  -----
  147    75  60  Projeto_Sistema_Resfriamento.c
  837     0   0  ..\..\..\..\..\..\..\Program Files (x86)\PICC\Devices\18F4550.h
  285    50  40  ..\..\..\..\..\..\..\Program Files (x86)\PICC\Drivers\flex_lcd2.c
----- -----
 1269   125 Total

Page ROM  %  RAM   Vol Diff  Functions:
---- --- --- ---   --- ----  ----------
0     38   0    1   275  2.8  @delay_ms1
0     20   0    0  1539 10.8  @const652
0     72   1    1   326  2.8  lcd_send_nibble
0     60   1    3   235  3.8  lcd_send_byte
0     90   1    2   380  4.7  lcd_init
0     38   0    4   139  4.5  lcd_gotoxy
0     70   1    1   321  5.1  lcd_putc
0    118   1    8   116  2.8  LM
0     54   1    4   266  6.5  @DTOF
0    242   3   11   153  4.7  @MULFF
0     62   1    5   315  6.5  @FTOSD
0    402   5    8  1004  7.6  Controle_Velocidade
0     18   0    0   209  5.2  @const687
0     32   0    2   346  7.5  @PSTRINGC_666
0     18   0    0   318  6.5  @const689
0     30   0    3   475  7.2  @PSTRINGCN_666
0     40   0    3   129  4.6  @DIV88
0    170   2    6   436  7.9  @PRINTF_D_666
0     40   0    0             @const698
0     34   0    2             @PSTRINGC_9600_31766_31767
0     40   0    0   222  7.1  @const700
0     28   0    0  1134  4.3  @const701
0     32   0    3  1121 10.1  @PSTRINGCN_9600_31766_31767
0    178   2    6  1134  4.3  @PRINTF_D_9600_31766_31767
0     40   0    0  1134  4.3  @const707
0     54   1    2             @ITOF
0     56   1    4  1134  4.3  @SFTOI
0    348   4   14             @DIVFF
0    610   7    4  1134  4.3  MAIN
0     16   0    0    44  1.9  @const718
0     18   0    0  1134  4.3  @const719
0     40   0    0             @const720
0     40   0    0             @const721
0     40   0    0  1071  8.0  @const722
0     40   0    0             @const723
0     40   0    0             @const724
0     20   0    0             @const727
0    142   2   13   979 10.0  @DIV3232
0    386   4   13   102  2.8  @PRINTF_L32D_666FPFPF
0     20   0    0   150  5.1  @const734
0     20   0    0   556  7.5  @const735
0    390   4   13   556  7.5  @PRINTF_L32D_9600_31766_31767FPFPF
0     40   0    0   510 10.6  @const739
0     30   0    0  1146  9.9  @const740
0     40   0    0    44  1.9  @const741
 Inline         0   176  4.3  @cinit1

Program metrics:
    Functions               37
    Statements              125
    Comments                237
    Volume (V)              37081
    Difficulty (D)          213.8
    Effort to implement (E) 7928531
    Time to implement (T)   122 hours, 21 minutes
    Est Delivered Bugs (B)  13
    Cyclomatic Complexity   83
    Maintainability (MI)    80

 Segment     Used  Free
-----------  ----  ----
00000-00002     4  0  
00004-07FFE  4356  28408  



